# JRE version: OpenJDK Runtime Environment Corretto-17.0.14.7.1 (17.0.14+7) (build 17.0.14+7-LTS)
# Java VM: OpenJDK 64-Bit Server VM Corretto-17.0.14.7.1 (17.0.14+7-LTS, mixed mode, sharing, tiered, compressed oops, compressed class ptrs, g1 gc, windows-amd64)
GC Precious Log:
 CPUs: 12 total, 12 available
 Memory: 16194M
 Large Page Support: Disabled
 NUMA Support: Disabled
 Compressed Oops: Enabled (32-bit)
 Heap Region Size: 1M
 Heap Min Capacity: 256M
 Heap Initial Capacity: 256M
 Heap Max Capacity: 512M
 Pre-touch: Disabled
 Parallel Workers: 10
 Concurrent Workers: 3
 Concurrent Refinement Workers: 10
 Periodic GC: Disabled
Heap:
 garbage-first heap   total 262144K, used 188447K [0x00000000e0000000, 0x0000000100000000)
  region size 1024K, 79 young (80896K), 11 survivors (11264K)
 Metaspace       used 51146K, committed 51776K, reserved 393216K
  class space    used 7313K, committed 7616K, reserved 327680K
GC Heap History (12 events):
Event: 0.353 GC heap before
{Heap before GC invocations=0 (full 0):
 garbage-first heap   total 262144K, used 26624K [0x00000000e0000000, 0x0000000100000000)
  region size 1024K, 23 young (23552K), 0 survivors (0K)
 Metaspace       used 2912K, committed 3072K, reserved 393216K
  class space    used 367K, committed 448K, reserved 327680K
}
Event: 0.356 GC heap after
{Heap after GC invocations=1 (full 0):
 garbage-first heap   total 262144K, used 10778K [0x00000000e0000000, 0x0000000100000000)
  region size 1024K, 3 young (3072K), 3 survivors (3072K)
 Metaspace       used 2912K, committed 3072K, reserved 393216K
  class space    used 367K, committed 448K, reserved 327680K
}
Event: 0.614 GC heap before
{Heap before GC invocations=1 (full 0):
 garbage-first heap   total 262144K, used 38426K [0x00000000e0000000, 0x0000000100000000)
  region size 1024K, 30 young (30720K), 3 survivors (3072K)
 Metaspace       used 3984K, committed 4160K, reserved 393216K
  class space    used 490K, committed 576K, reserved 327680K
}
Event: 0.616 GC heap after
{Heap after GC invocations=2 (full 0):
 garbage-first heap   total 262144K, used 11827K [0x00000000e0000000, 0x0000000100000000)
  region size 1024K, 1 young (1024K), 1 survivors (1024K)
 Metaspace       used 3984K, committed 4160K, reserved 393216K
  class space    used 490K, committed 576K, reserved 327680K
}
Event: 1.645 GC heap before
{Heap before GC invocations=2 (full 0):
 garbage-first heap   total 262144K, used 109107K [0x00000000e0000000, 0x0000000100000000)
  region size 1024K, 96 young (98304K), 1 survivors (1024K)
 Metaspace       used 18405K, committed 18688K, reserved 393216K
  class space    used 2661K, committed 2816K, reserved 327680K
}
Event: 1.652 GC heap after
{Heap after GC invocations=3 (full 0):
 garbage-first heap   total 262144K, used 21955K [0x00000000e0000000, 0x0000000100000000)
  region size 1024K, 11 young (11264K), 11 survivors (11264K)
 Metaspace       used 18405K, committed 18688K, reserved 393216K
  class space    used 2661K, committed 2816K, reserved 327680K
}
Event: 1.916 GC heap before
{Heap before GC invocations=3 (full 0):
 garbage-first heap   total 262144K, used 45507K [0x00000000e0000000, 0x0000000100000000)
  region size 1024K, 35 young (35840K), 11 survivors (11264K)
 Metaspace       used 21243K, committed 21504K, reserved 393216K
  class space    used 3127K, committed 3264K, reserved 327680K
}
Event: 1.920 GC heap after
{Heap after GC invocations=4 (full 0):
 garbage-first heap   total 262144K, used 23724K [0x00000000e0000000, 0x0000000100000000)
  region size 1024K, 12 young (12288K), 12 survivors (12288K)
 Metaspace       used 21243K, committed 21504K, reserved 393216K
  class space    used 3127K, committed 3264K, reserved 327680K
}
Event: 3.531 GC heap before
{Heap before GC invocations=5 (full 0):
 garbage-first heap   total 262144K, used 178348K [0x00000000e0000000, 0x0000000100000000)
  region size 1024K, 128 young (131072K), 12 survivors (12288K)
 Metaspace       used 35656K, committed 35968K, reserved 393216K
  class space    used 4966K, committed 5120K, reserved 327680K
}
Event: 3.538 GC heap after
{Heap after GC invocations=6 (full 0):
 garbage-first heap   total 262144K, used 67426K [0x00000000e0000000, 0x0000000100000000)
  region size 1024K, 13 young (13312K), 13 survivors (13312K)
 Metaspace       used 35656K, committed 35968K, reserved 393216K
  class space    used 4966K, committed 5120K, reserved 327680K
}
Event: 9.101 GC heap before
{Heap before GC invocations=7 (full 0):
 garbage-first heap   total 262144K, used 225122K [0x00000000e0000000, 0x0000000100000000)
  region size 1024K, 125 young (128000K), 13 survivors (13312K)
 Metaspace       used 44969K, committed 45568K, reserved 393216K
  class space    used 6279K, committed 6592K, reserved 327680K
}
Event: 9.109 GC heap after
{Heap after GC invocations=8 (full 0):
 garbage-first heap   total 262144K, used 119839K [0x00000000e0000000, 0x0000000100000000)
  region size 1024K, 11 young (11264K), 11 survivors (11264K)
 Metaspace       used 44969K, committed 45568K, reserved 393216K
  class space    used 6279K, committed 6592K, reserved 327680K
}

